<?xml version="1.0" encoding="UTF-8"?>
<testng-results ignored="0" total="6" passed="6" failed="0" skipped="0">
  <reporter-output>
  </reporter-output>
  <suite started-at="2024-08-20T16:40:36 IST" name="Suite" finished-at="2024-08-20T16:40:37 IST" duration-ms="90">
    <groups>
    </groups>
    <test started-at="2024-08-20T16:40:36 IST" name="Test" finished-at="2024-08-20T16:40:37 IST" duration-ms="90">
      <class name="testcasesrediffPortfolio.ManageSessionTest">
        <test-method signature="doLogin()[pri:0, instance:testcasesrediffPortfolio.ManageSessionTest@4c1909a3]" started-at="2024-08-20T16:40:37 IST" name="doLogin" finished-at="2024-08-20T16:40:37 IST" duration-ms="12" status="PASS">
          <reporter-output>
          </reporter-output>
        </test-method> <!-- doLogin -->
        <test-method signature="doLogout()[pri:0, instance:testcasesrediffPortfolio.ManageSessionTest@4c1909a3]" started-at="2024-08-20T16:40:37 IST" name="doLogout" finished-at="2024-08-20T16:40:37 IST" duration-ms="1" status="PASS">
          <reporter-output>
          </reporter-output>
        </test-method> <!-- doLogout -->
      </class> <!-- testcasesrediffPortfolio.ManageSessionTest -->
      <class name="testcasesrediffPortfolio.ManagePortfolioTest">
        <test-method signature="createPortfolio()[pri:0, instance:testcasesrediffPortfolio.ManagePortfolioTest@242b836]" started-at="2024-08-20T16:40:37 IST" name="createPortfolio" finished-at="2024-08-20T16:40:37 IST" duration-ms="2" status="PASS">
          <reporter-output>
          </reporter-output>
        </test-method> <!-- createPortfolio -->
        <test-method signature="deletePortfolio()[pri:0, instance:testcasesrediffPortfolio.ManagePortfolioTest@242b836]" started-at="2024-08-20T16:40:37 IST" name="deletePortfolio" finished-at="2024-08-20T16:40:37 IST" duration-ms="2" status="PASS">
          <reporter-output>
          </reporter-output>
        </test-method> <!-- deletePortfolio -->
      </class> <!-- testcasesrediffPortfolio.ManagePortfolioTest -->
      <class name="testcasesrediffPortfolio.ManageStocksTest">
        <test-method signature="addStockTest()[pri:0, instance:testcasesrediffPortfolio.ManageStocksTest@3f6f6701]" started-at="2024-08-20T16:40:37 IST" name="addStockTest" finished-at="2024-08-20T16:40:37 IST" duration-ms="1" status="PASS">
          <reporter-output>
          </reporter-output>
        </test-method> <!-- addStockTest -->
        <test-method signature="modifyStockTest()[pri:0, instance:testcasesrediffPortfolio.ManageStocksTest@3f6f6701]" started-at="2024-08-20T16:40:37 IST" name="modifyStockTest" finished-at="2024-08-20T16:40:37 IST" duration-ms="1" status="PASS">
          <reporter-output>
          </reporter-output>
        </test-method> <!-- modifyStockTest -->
      </class> <!-- testcasesrediffPortfolio.ManageStocksTest -->
    </test> <!-- Test -->
  </suite> <!-- Suite -->
</testng-results>
